2023-08-06 00:39:12.406442 - Initialized conversion of CBT060
2023-08-06 00:39:12.688717 - Received CBT.V505.FILE060.PDS from FILE060.XMI 
2023-08-06 00:39:12.691488 - Found $$$#DATE.txt (text/plain) in CBT.V505.FILE060.PDS, moved to PDS/$$$#DATE
2023-08-06 00:39:12.692721 - Found $$DOC.txt (text/plain) in CBT.V505.FILE060.PDS, moved to PDS/$$DOC
2023-08-06 00:39:12.693729 - Found @FILE060.txt (text/plain) in CBT.V505.FILE060.PDS, moved to PDS/@FILE060
2023-08-06 00:39:12.694657 - Found DATECONV.txt (text/plain) in CBT.V505.FILE060.PDS, moved to PDS/DATECONV
2023-08-06 00:39:12.695549 - Found DATEMVS.txt (text/plain) in CBT.V505.FILE060.PDS, moved to PDS/DATEMVS
2023-08-06 00:39:12.696396 - Found INIT.txt (text/plain) in CBT.V505.FILE060.PDS, moved to PDS/INIT
2023-08-06 00:39:12.697227 - Found KEYS.txt (text/plain) in CBT.V505.FILE060.PDS, moved to PDS/KEYS
2023-08-06 00:39:12.698071 - Found PARSE.txt (text/plain) in CBT.V505.FILE060.PDS, moved to PDS/PARSE
2023-08-06 00:39:12.698926 - Found PRSTRNG.txt (text/plain) in CBT.V505.FILE060.PDS, moved to PDS/PRSTRNG
2023-08-06 00:39:12.699755 - Found README.txt (text/plain) in CBT.V505.FILE060.PDS, moved to PDS/README
2023-08-06 00:39:12.700581 - Found REASMLNK.txt (text/plain) in CBT.V505.FILE060.PDS, moved to PDS/REASMLNK
2023-08-06 00:39:12.701417 - Found REG.txt (text/plain) in CBT.V505.FILE060.PDS, moved to PDS/REG
2023-08-06 00:39:12.702410 - Found RETURN72.txt (text/plain) in CBT.V505.FILE060.PDS, moved to PDS/RETURN72
2023-08-06 00:39:12.703258 - Found SSJES$05.txt (text/plain) in CBT.V505.FILE060.PDS, moved to PDS/SSJES$05
2023-08-06 00:39:12.704074 - Found SSJES$15.txt (text/plain) in CBT.V505.FILE060.PDS, moved to PDS/SSJES$15
2023-08-06 00:39:12.704890 - Found SSRALLOC.txt (text/plain) in CBT.V505.FILE060.PDS, moved to PDS/SSRALLOC
2023-08-06 00:39:12.705951 - Found SSRHLP00.txt (text/plain) in CBT.V505.FILE060.PDS, moved to PDS/SSRHLP00
2023-08-06 00:39:12.706851 - Found SSRHLP30.txt (text/plain) in CBT.V505.FILE060.PDS, moved to PDS/SSRHLP30
2023-08-06 00:39:12.707787 - Found SSRHLP31.txt (text/plain) in CBT.V505.FILE060.PDS, moved to PDS/SSRHLP31
2023-08-06 00:39:12.708749 - Found SSRHLP32.txt (text/plain) in CBT.V505.FILE060.PDS, moved to PDS/SSRHLP32
2023-08-06 00:39:12.709708 - Found SSRHLP33.txt (text/plain) in CBT.V505.FILE060.PDS, moved to PDS/SSRHLP33
2023-08-06 00:39:12.710698 - Found SSRHLP34.txt (text/plain) in CBT.V505.FILE060.PDS, moved to PDS/SSRHLP34
2023-08-06 00:39:12.711590 - Found SSRMS00.txt (text/plain) in CBT.V505.FILE060.PDS, moved to PDS/SSRMS00
2023-08-06 00:39:12.712506 - Found SSRMS01.txt (text/plain) in CBT.V505.FILE060.PDS, moved to PDS/SSRMS01
2023-08-06 00:39:12.713462 - Found SSRMS30.txt (text/plain) in CBT.V505.FILE060.PDS, moved to PDS/SSRMS30
2023-08-06 00:39:12.714331 - Found SSRMS90.txt (text/plain) in CBT.V505.FILE060.PDS, moved to PDS/SSRMS90
2023-08-06 00:39:12.715155 - Found SSRPNL00.txt (text/plain) in CBT.V505.FILE060.PDS, moved to PDS/SSRPNL00
2023-08-06 00:39:12.715997 - Found SSRPNL30.txt (text/plain) in CBT.V505.FILE060.PDS, moved to PDS/SSRPNL30
2023-08-06 00:39:12.716821 - Found SSRPNL31.txt (text/plain) in CBT.V505.FILE060.PDS, moved to PDS/SSRPNL31
2023-08-06 00:39:12.717766 - Found SSRPNL32.txt (text/plain) in CBT.V505.FILE060.PDS, moved to PDS/SSRPNL32
2023-08-06 00:39:12.718613 - Found SSRPNL33.txt (text/plain) in CBT.V505.FILE060.PDS, moved to PDS/SSRPNL33
2023-08-06 00:39:12.719457 - Found SSRPNL34.txt (text/plain) in CBT.V505.FILE060.PDS, moved to PDS/SSRPNL34
2023-08-06 00:39:12.720257 - Found SSRPRINT.txt (text/plain) in CBT.V505.FILE060.PDS, moved to PDS/SSRPRINT
2023-08-06 00:39:12.721101 - Found SSRPRNTC.txt (text/plain) in CBT.V505.FILE060.PDS, moved to PDS/SSRPRNTC
2023-08-06 00:39:12.722074 - Found SSRPRNTS.txt (text/plain) in CBT.V505.FILE060.PDS, moved to PDS/SSRPRNTS
2023-08-06 00:39:12.723047 - Found SSR01AR.txt (text/plain) in CBT.V505.FILE060.PDS, moved to PDS/SSR01AR
2023-08-06 00:39:12.724031 - Found SSR010PR.jcl (text/plain) in CBT.V505.FILE060.PDS, moved to PDS/SSR010PR
2023-08-06 00:39:12.724939 - Found SSR011PR.jcl (text/plain) in CBT.V505.FILE060.PDS, moved to PDS/SSR011PR
2023-08-06 00:39:12.725921 - Found SSXTEND.jcl (text/plain) in CBT.V505.FILE060.PDS, moved to PDS/SSXTEND
